1696744849236	geckodriver	INFO	Listening on 127.0.0.1:53424
1696744849236	geckodriver	INFO	Listening on 127.0.0.1:53423
1696744849236	geckodriver	INFO	Listening on 127.0.0.1:53422
1696744850262	mozrunner::runner	INFO	Running command: MOZ_CRASHREPORTER="1" MOZ_CRASHREPORTER_NO_REPORT="1" MOZ_CRASHREPORTER_SHUTDOWN="1" MOZ_NO_REMOTE="1" "/App ... "--marionette" "-foreground" "-no-remote" "-profile" "/var/folders/cp/x79vh4492fjcfxmj_kb6q4s40000gn/T/rust_mozprofileIT4WKj"
1696744850262	mozrunner::runner	INFO	Running command: MOZ_CRASHREPORTER="1" MOZ_CRASHREPORTER_NO_REPORT="1" MOZ_CRASHREPORTER_SHUTDOWN="1" MOZ_NO_REMOTE="1" "/App ... "--marionette" "-foreground" "-no-remote" "-profile" "/var/folders/cp/x79vh4492fjcfxmj_kb6q4s40000gn/T/rust_mozprofilenSL4Aq"
1696744850262	mozrunner::runner	INFO	Running command: MOZ_CRASHREPORTER="1" MOZ_CRASHREPORTER_NO_REPORT="1" MOZ_CRASHREPORTER_SHUTDOWN="1" MOZ_NO_REMOTE="1" "/App ... "--marionette" "-foreground" "-no-remote" "-profile" "/var/folders/cp/x79vh4492fjcfxmj_kb6q4s40000gn/T/rust_mozprofileJIAVy7"
console.warn: services.settings: Ignoring preference override of remote settings server
console.warn: services.settings: Ignoring preference override of remote settings server
console.warn: services.settings: Ignoring preference override of remote settings server
console.warn: services.settings: Allow by setting MOZ_REMOTE_SETTINGS_DEVTOOLS=1 in the environment
console.warn: services.settings: Allow by setting MOZ_REMOTE_SETTINGS_DEVTOOLS=1 in the environment
console.warn: services.settings: Allow by setting MOZ_REMOTE_SETTINGS_DEVTOOLS=1 in the environment
2023-10-08 11:30:51.007 firefox-bin[69160:923258] WARNING: Secure coding is not enabled for restorable state! Enable secure coding by implementing NSApplicationDelegate.applicationSupportsSecureRestorableState: and returning YES.
2023-10-08 11:30:51.007 firefox-bin[69159:923257] WARNING: Secure coding is not enabled for restorable state! Enable secure coding by implementing NSApplicationDelegate.applicationSupportsSecureRestorableState: and returning YES.
2023-10-08 11:30:51.007 firefox-bin[69158:923256] WARNING: Secure coding is not enabled for restorable state! Enable secure coding by implementing NSApplicationDelegate.applicationSupportsSecureRestorableState: and returning YES.
1696744851180	Marionette	INFO	Marionette enabled
1696744851180	Marionette	INFO	Marionette enabled
1696744851180	Marionette	INFO	Marionette enabled
1696744851375	Marionette	INFO	Listening on port 53458
1696744851375	Marionette	INFO	Listening on port 53459
1696744851378	Marionette	INFO	Listening on port 53457
Read port: 53457
Read port: 53458
Read port: 53459
1696744851514	RemoteAgent	WARN	TLS certificate errors will be ignored for this session
1696744851532	RemoteAgent	WARN	TLS certificate errors will be ignored for this session
1696744851532	RemoteAgent	WARN	TLS certificate errors will be ignored for this session
UNSUPPORTED (log once): POSSIBLE ISSUE: unit 1 GLD_TEXTURE_INDEX_2D is unloadable and bound to sampler type (Float) - using zero texture because texture unloadable
UNSUPPORTED (log once): POSSIBLE ISSUE: unit 1 GLD_TEXTURE_INDEX_2D is unloadable and bound to sampler type (Float) - using zero texture because texture unloadable
UNSUPPORTED (log once): POSSIBLE ISSUE: unit 1 GLD_TEXTURE_INDEX_2D is unloadable and bound to sampler type (Float) - using zero texture because texture unloadable
1696744855248	Marionette	INFO	Stopped listening on port 53458
1696744855254	Marionette	INFO	Stopped listening on port 53459
1696744855338	Marionette	INFO	Stopped listening on port 53457
1696744920997	geckodriver	INFO	Listening on 127.0.0.1:53744
1696744920997	geckodriver	INFO	Listening on 127.0.0.1:53746
1696744920997	geckodriver	INFO	Listening on 127.0.0.1:53745
1696744922015	mozrunner::runner	INFO	Running command: MOZ_CRASHREPORTER="1" MOZ_CRASHREPORTER_NO_REPORT="1" MOZ_CRASHREPORTER_SHUTDOWN="1" MOZ_NO_REMOTE="1" "/App ... "--marionette" "-foreground" "-no-remote" "-profile" "/var/folders/cp/x79vh4492fjcfxmj_kb6q4s40000gn/T/rust_mozprofileFWjWuh"
1696744922015	mozrunner::runner	INFO	Running command: MOZ_CRASHREPORTER="1" MOZ_CRASHREPORTER_NO_REPORT="1" MOZ_CRASHREPORTER_SHUTDOWN="1" MOZ_NO_REMOTE="1" "/App ... "--marionette" "-foreground" "-no-remote" "-profile" "/var/folders/cp/x79vh4492fjcfxmj_kb6q4s40000gn/T/rust_mozprofilerSaJvk"
1696744922015	mozrunner::runner	INFO	Running command: MOZ_CRASHREPORTER="1" MOZ_CRASHREPORTER_NO_REPORT="1" MOZ_CRASHREPORTER_SHUTDOWN="1" MOZ_NO_REMOTE="1" "/App ... "--marionette" "-foreground" "-no-remote" "-profile" "/var/folders/cp/x79vh4492fjcfxmj_kb6q4s40000gn/T/rust_mozprofileioKjat"
console.warn: services.settings: Ignoring preference override of remote settings server
console.warn: services.settings: Ignoring preference override of remote settings server
console.warn: services.settings: Ignoring preference override of remote settings server
console.warn: services.settings: Allow by setting MOZ_REMOTE_SETTINGS_DEVTOOLS=1 in the environment
console.warn: services.settings: Allow by setting MOZ_REMOTE_SETTINGS_DEVTOOLS=1 in the environment
console.warn: services.settings: Allow by setting MOZ_REMOTE_SETTINGS_DEVTOOLS=1 in the environment
2023-10-08 11:32:02.651 firefox-bin[69594:929715] WARNING: Secure coding is not enabled for restorable state! Enable secure coding by implementing NSApplicationDelegate.applicationSupportsSecureRestorableState: and returning YES.
2023-10-08 11:32:02.651 firefox-bin[69596:929716] WARNING: Secure coding is not enabled for restorable state! Enable secure coding by implementing NSApplicationDelegate.applicationSupportsSecureRestorableState: and returning YES.
2023-10-08 11:32:02.651 firefox-bin[69595:929717] WARNING: Secure coding is not enabled for restorable state! Enable secure coding by implementing NSApplicationDelegate.applicationSupportsSecureRestorableState: and returning YES.
1696744922841	Marionette	INFO	Marionette enabled
1696744922842	Marionette	INFO	Marionette enabled
1696744922842	Marionette	INFO	Marionette enabled
1696744923069	Marionette	INFO	Listening on port 53781
1696744923074	Marionette	INFO	Listening on port 53783
1696744923080	Marionette	INFO	Listening on port 53782
Read port: 53781
Read port: 53783
Read port: 53782
1696744923263	RemoteAgent	WARN	TLS certificate errors will be ignored for this session
1696744923277	RemoteAgent	WARN	TLS certificate errors will be ignored for this session
1696744923281	RemoteAgent	WARN	TLS certificate errors will be ignored for this session
UNSUPPORTED (log once): POSSIBLE ISSUE: unit 1 GLD_TEXTURE_INDEX_2D is unloadable and bound to sampler type (Float) - using zero texture because texture unloadable
UNSUPPORTED (log once): POSSIBLE ISSUE: unit 1 GLD_TEXTURE_INDEX_2D is unloadable and bound to sampler type (Float) - using zero texture because texture unloadable
UNSUPPORTED (log once): POSSIBLE ISSUE: unit 1 GLD_TEXTURE_INDEX_2D is unloadable and bound to sampler type (Float) - using zero texture because texture unloadable
1696744926279	Marionette	INFO	Stopped listening on port 53782
1696744926404	Marionette	INFO	Stopped listening on port 53783
1696744926405	Marionette	INFO	Stopped listening on port 53781
1696745076194	geckodriver	INFO	Listening on 127.0.0.1:54116
1696745076194	geckodriver	INFO	Listening on 127.0.0.1:54114
1696745076194	geckodriver	INFO	Listening on 127.0.0.1:54115
1696745077215	mozrunner::runner	INFO	Running command: MOZ_CRASHREPORTER="1" MOZ_CRASHREPORTER_NO_REPORT="1" MOZ_CRASHREPORTER_SHUTDOWN="1" MOZ_NO_REMOTE="1" "/App ... e" "-headless" "-foreground" "-no-remote" "-profile" "/var/folders/cp/x79vh4492fjcfxmj_kb6q4s40000gn/T/rust_mozprofileod9BPA"
1696745077215	mozrunner::runner	INFO	Running command: MOZ_CRASHREPORTER="1" MOZ_CRASHREPORTER_NO_REPORT="1" MOZ_CRASHREPORTER_SHUTDOWN="1" MOZ_NO_REMOTE="1" "/App ... e" "-headless" "-foreground" "-no-remote" "-profile" "/var/folders/cp/x79vh4492fjcfxmj_kb6q4s40000gn/T/rust_mozprofileoo2guL"
1696745077215	mozrunner::runner	INFO	Running command: MOZ_CRASHREPORTER="1" MOZ_CRASHREPORTER_NO_REPORT="1" MOZ_CRASHREPORTER_SHUTDOWN="1" MOZ_NO_REMOTE="1" "/App ... e" "-headless" "-foreground" "-no-remote" "-profile" "/var/folders/cp/x79vh4492fjcfxmj_kb6q4s40000gn/T/rust_mozprofiled5U0T3"
*** You are running in headless mode.
*** You are running in headless mode.
*** You are running in headless mode.
console.warn: services.settings: Ignoring preference override of remote settings server
console.warn: services.settings: Allow by setting MOZ_REMOTE_SETTINGS_DEVTOOLS=1 in the environment
console.warn: services.settings: Ignoring preference override of remote settings server
console.warn: services.settings: Allow by setting MOZ_REMOTE_SETTINGS_DEVTOOLS=1 in the environment
console.warn: services.settings: Ignoring preference override of remote settings server
console.warn: services.settings: Allow by setting MOZ_REMOTE_SETTINGS_DEVTOOLS=1 in the environment
1696745077609	Marionette	INFO	Marionette enabled
1696745077609	Marionette	INFO	Marionette enabled
1696745077609	Marionette	INFO	Marionette enabled
1696745077825	Marionette	INFO	Listening on port 54148
1696745077829	Marionette	INFO	Listening on port 54147
1696745077833	Marionette	INFO	Listening on port 54149
Read port: 54147
Read port: 54148
Read port: 54149
1696745077896	RemoteAgent	WARN	TLS certificate errors will be ignored for this session
1696745077896	RemoteAgent	WARN	TLS certificate errors will be ignored for this session
1696745077933	RemoteAgent	WARN	TLS certificate errors will be ignored for this session
[GFX1-]: RenderCompositorSWGL failed mapping default framebuffer, no dt
[GFX1-]: RenderCompositorSWGL failed mapping default framebuffer, no dt
[GFX1-]: RenderCompositorSWGL failed mapping default framebuffer, no dt
1696745080179	Marionette	INFO	Stopped listening on port 54149
1696745080572	Marionette	INFO	Stopped listening on port 54147
1696745080869	Marionette	INFO	Stopped listening on port 54148
1696745155041	geckodriver	INFO	Listening on 127.0.0.1:54427
1696745155041	geckodriver	INFO	Listening on 127.0.0.1:54426
1696745155041	geckodriver	INFO	Listening on 127.0.0.1:54425
1696745156054	mozrunner::runner	INFO	Running command: MOZ_CRASHREPORTER="1" MOZ_CRASHREPORTER_NO_REPORT="1" MOZ_CRASHREPORTER_SHUTDOWN="1" MOZ_NO_REMOTE="1" "/App ... e" "-headless" "-foreground" "-no-remote" "-profile" "/var/folders/cp/x79vh4492fjcfxmj_kb6q4s40000gn/T/rust_mozprofilek2UykM"
1696745156054	mozrunner::runner	INFO	Running command: MOZ_CRASHREPORTER="1" MOZ_CRASHREPORTER_NO_REPORT="1" MOZ_CRASHREPORTER_SHUTDOWN="1" MOZ_NO_REMOTE="1" "/App ... e" "-headless" "-foreground" "-no-remote" "-profile" "/var/folders/cp/x79vh4492fjcfxmj_kb6q4s40000gn/T/rust_mozprofileqzyeqG"
1696745156054	mozrunner::runner	INFO	Running command: MOZ_CRASHREPORTER="1" MOZ_CRASHREPORTER_NO_REPORT="1" MOZ_CRASHREPORTER_SHUTDOWN="1" MOZ_NO_REMOTE="1" "/App ... e" "-headless" "-foreground" "-no-remote" "-profile" "/var/folders/cp/x79vh4492fjcfxmj_kb6q4s40000gn/T/rust_mozprofileDhB6Aq"
*** You are running in headless mode.
*** You are running in headless mode.
*** You are running in headless mode.
console.warn: services.settings: Ignoring preference override of remote settings server
console.warn: services.settings: Allow by setting MOZ_REMOTE_SETTINGS_DEVTOOLS=1 in the environment
console.warn: services.settings: Ignoring preference override of remote settings server
console.warn: services.settings: Ignoring preference override of remote settings server
console.warn: services.settings: Allow by setting MOZ_REMOTE_SETTINGS_DEVTOOLS=1 in the environment
console.warn: services.settings: Allow by setting MOZ_REMOTE_SETTINGS_DEVTOOLS=1 in the environment
1696745156452	Marionette	INFO	Marionette enabled
1696745156452	Marionette	INFO	Marionette enabled
1696745156452	Marionette	INFO	Marionette enabled
1696745156653	Marionette	INFO	Listening on port 54458
1696745156653	Marionette	INFO	Listening on port 54459
1696745156654	Marionette	INFO	Listening on port 54460
Read port: 54459
Read port: 54458
Read port: 54460
1696745156742	RemoteAgent	WARN	TLS certificate errors will be ignored for this session
1696745156748	RemoteAgent	WARN	TLS certificate errors will be ignored for this session
1696745156822	RemoteAgent	WARN	TLS certificate errors will be ignored for this session
[GFX1-]: RenderCompositorSWGL failed mapping default framebuffer, no dt
[GFX1-]: RenderCompositorSWGL failed mapping default framebuffer, no dt
[GFX1-]: RenderCompositorSWGL failed mapping default framebuffer, no dt
1696745159143	Marionette	INFO	Stopped listening on port 54458
1696745159212	Marionette	INFO	Stopped listening on port 54460
1696745159337	Marionette	INFO	Stopped listening on port 54459
